<?xml version="1.0" encoding="UTF-8"?>
<testng-results ignored="0" total="2" passed="2" failed="0" skipped="0">
  <reporter-output>
  </reporter-output>
  <suite started-at="2022-11-15T18:05:16 IST" name="Default suite" finished-at="2022-11-15T18:06:07 IST" duration-ms="50559">
    <groups>
    </groups>
    <test started-at="2022-11-15T18:05:16 IST" name="Default test" finished-at="2022-11-15T18:06:07 IST" duration-ms="50559">
      <class name="com.orangehrmlive.tc.TcTable6">
        <test-method is-config="true" signature="setup()[pri:0, instance:com.orangehrmlive.tc.TcTable6@790da477]" started-at="2022-11-15T18:05:16 IST" name="setup" finished-at="2022-11-15T18:05:28 IST" duration-ms="11978" status="PASS">
          <reporter-output>
          </reporter-output>
        </test-method> <!-- setup -->
        <test-method is-config="true" signature="loginToApp()[pri:0, instance:com.orangehrmlive.tc.TcTable6@790da477]" started-at="2022-11-15T18:05:28 IST" name="loginToApp" finished-at="2022-11-15T18:05:55 IST" depends-on-methods="com.orangehrmlive.tc.TcTable6.setup" duration-ms="27466" status="PASS">
          <reporter-output>
          </reporter-output>
        </test-method> <!-- loginToApp -->
        <test-method signature="verifyFileUpload()[pri:1, instance:com.orangehrmlive.tc.TcTable6@790da477]" started-at="2022-11-15T18:05:56 IST" name="verifyFileUpload" finished-at="2022-11-15T18:06:07 IST" duration-ms="11042" status="PASS">
          <reporter-output>
          </reporter-output>
        </test-method> <!-- verifyFileUpload -->
        <test-method signature="verifyFileUploaderName()[pri:2, instance:com.orangehrmlive.tc.TcTable6@790da477]" started-at="2022-11-15T18:06:07 IST" name="verifyFileUploaderName" finished-at="2022-11-15T18:06:07 IST" duration-ms="47" status="PASS">
          <reporter-output>
          </reporter-output>
        </test-method> <!-- verifyFileUploaderName -->
      </class> <!-- com.orangehrmlive.tc.TcTable6 -->
    </test> <!-- Default test -->
  </suite> <!-- Default suite -->
</testng-results>
